<?xml version="1.0" encoding="UTF-8" ?>
<testsuite tests="7" failures="1" name="com.crudisdb.util.ValidationTest" time="0.034" errors="0" skipped="0">
  <properties>
    <property name="java.runtime.name" value="OpenJDK Runtime Environment"/>
    <property name="java.vm.version" value="11.0.12+7-b1649.1"/>
    <property name="sun.boot.library.path" value="/usr/lib/jvm/jdk-jetbrains/lib"/>
    <property name="maven.multiModuleProjectDirectory" value="/run/media/b/storage/J2EE/Advanced-Java/CrudIsDB"/>
    <property name="java.vm.vendor" value="JetBrains s.r.o."/>
    <property name="java.vendor.url" value="https://openjdk.java.net/"/>
    <property name="guice.disable.misplaced.annotation.check" value="true"/>
    <property name="path.separator" value=":"/>
    <property name="java.vm.name" value="OpenJDK 64-Bit Server VM"/>
    <property name="sun.os.patch.level" value="unknown"/>
    <property name="user.country" value="US"/>
    <property name="sun.java.launcher" value="SUN_STANDARD"/>
    <property name="test" value="com.crudisdb.util.ValidationTest"/>
    <property name="java.vm.specification.name" value="Java Virtual Machine Specification"/>
    <property name="user.dir" value="/run/media/b/storage/J2EE/Advanced-Java/CrudIsDB"/>
    <property name="java.vm.compressedOopsMode" value="32-bit"/>
    <property name="java.runtime.version" value="11.0.12+7-b1649.1"/>
    <property name="java.awt.graphicsenv" value="sun.awt.X11GraphicsEnvironment"/>
    <property name="os.arch" value="amd64"/>
    <property name="java.io.tmpdir" value="/tmp"/>
    <property name="line.separator" value="
"/>
    <property name="java.vm.specification.vendor" value="Oracle Corporation"/>
    <property name="os.name" value="Linux"/>
    <property name="maven.ext.class.path" value="/home/b/netbeans-12.5/netbeans/java/maven-nblib/netbeans-eventspy.jar"/>
    <property name="classworlds.conf" value="/home/b/netbeans-12.5/netbeans/java/maven/bin/m2.conf"/>
    <property name="sun.jnu.encoding" value="UTF-8"/>
    <property name="java.library.path" value="/usr/java/packages/lib:/usr/lib64:/lib64:/lib:/usr/lib"/>
    <property name="maven.conf" value="/home/b/netbeans-12.5/netbeans/java/maven/conf"/>
    <property name="jdk.debug" value="release"/>
    <property name="java.class.version" value="55.0"/>
    <property name="java.specification.name" value="Java Platform API Specification"/>
    <property name="sun.management.compiler" value="HotSpot 64-Bit Tiered Compilers"/>
    <property name="os.version" value="5.13.19-2-MANJARO"/>
    <property name="library.jansi.path" value="/home/b/netbeans-12.5/netbeans/java/maven/lib/jansi-native"/>
    <property name="user.home" value="/home/b"/>
    <property name="user.timezone" value="Asia/Dhaka"/>
    <property name="java.awt.printerjob" value="sun.print.PSPrinterJob"/>
    <property name="file.encoding" value="UTF-8"/>
    <property name="java.specification.version" value="11"/>
    <property name="user.name" value="b"/>
    <property name="java.class.path" value="/home/b/netbeans-12.5/netbeans/java/maven/boot/plexus-classworlds-2.6.0.jar"/>
    <property name="java.vm.specification.version" value="11"/>
    <property name="sun.arch.data.model" value="64"/>
    <property name="sun.java.command" value="org.codehaus.plexus.classworlds.launcher.Launcher -Dtest=com.crudisdb.util.ValidationTest -Dmaven.ext.class.path=/home/b/netbeans-12.5/netbeans/java/maven-nblib/netbeans-eventspy.jar surefire:test"/>
    <property name="java.home" value="/usr/lib/jvm/jdk-jetbrains"/>
    <property name="user.language" value="en"/>
    <property name="java.specification.vendor" value="Oracle Corporation"/>
    <property name="awt.toolkit" value="sun.awt.X11.XToolkit"/>
    <property name="java.vm.info" value="mixed mode"/>
    <property name="java.version" value="11.0.12"/>
    <property name="securerandom.source" value="file:/dev/./urandom"/>
    <property name="java.vendor" value="JetBrains s.r.o."/>
    <property name="maven.home" value="/home/b/netbeans-12.5/netbeans/java/maven"/>
    <property name="file.separator" value="/"/>
    <property name="java.version.date" value="2021-07-20"/>
    <property name="java.vendor.url.bug" value="https://bugreport.java.com/bugreport/"/>
    <property name="sun.io.unicode.encoding" value="UnicodeLittle"/>
    <property name="sun.cpu.endian" value="little"/>
    <property name="java.vendor.version" value="JBR-11.0.12.7-1649.1-jcef"/>
    <property name="sun.cpu.isalist" value=""/>
  </properties>
  <testcase classname="com.crudisdb.util.ValidationTest" name="com.crudisdb.util.ValidationTest.testCaseEmptyName" time="0.02"/>
  <testcase classname="com.crudisdb.util.ValidationTest" name="com.crudisdb.util.ValidationTest.testCaseInvalidMobile" time="0"/>
  <testcase classname="com.crudisdb.util.ValidationTest" name="com.crudisdb.util.ValidationTest.testCaseInvalidEmail" time="0"/>
  <testcase classname="com.crudisdb.util.ValidationTest" name="com.crudisdb.util.ValidationTest.testCaseInvalidEmail2" time="0"/>
  <testcase classname="com.crudisdb.util.ValidationTest" name="com.crudisdb.util.ValidationTest.testEmpty" time="0"/>
  <testcase classname="com.crudisdb.util.ValidationTest" name="com.crudisdb.util.ValidationTest.testMobile" time="0"/>
  <testcase classname="com.crudisdb.util.ValidationTest" name="com.crudisdb.util.ValidationTest.testEmail" time="0.014">
    <failure message="expected: &lt;true&gt; but was: &lt;false&gt;" type="org.opentest4j.AssertionFailedError">org.opentest4j.AssertionFailedError: expected: &lt;true&gt; but was: &lt;false&gt;
	at org.junit.jupiter.api.AssertionUtils.fail(AssertionUtils.java:55)
	at org.junit.jupiter.api.AssertionUtils.failNotEqual(AssertionUtils.java:62)
	at org.junit.jupiter.api.AssertEquals.assertEquals(AssertEquals.java:182)
	at org.junit.jupiter.api.AssertEquals.assertEquals(AssertEquals.java:177)
	at org.junit.jupiter.api.Assertions.assertEquals(Assertions.java:1124)
	at com.crudisdb.util.ValidationTest.testEmail(ValidationTest.java:83)
</failure>
  </testcase>
</testsuite>